{"uid":"4b4757e66a1912dae1a509f688f20b0f","children":[{"name":"Test defects","children":[{"name":"Failed to create new instance of class com.example.teamcity.ui.pages.ProjectsPage","children":[{"name":"User should be able search for project","uid":"aa517ba8ddf00c0a","parentUid":"27c02a6e0223180d2b96380618b7e509","status":"broken","time":{"start":1742997310631,"stop":1742997357588,"duration":46957},"flaky":false,"newFailed":false,"newPassed":false,"newBroken":false,"retriesCount":0,"retriesStatusChange":false,"parameters":[],"tags":[]}],"uid":"27c02a6e0223180d2b96380618b7e509"}],"uid":"bdbf199525818fae7a8651db9eafe741"},{"name":"Product defects","children":[{"name":"Element not found {#url}\nExpected: editable\nScreenshot: file:/home/runner/work/teamcity-testing-framework/teamcity-testing-framework/build/reports/tests/1742997381679.1.png\nPage source: file:/home/runner/work/teamcity-testing-framework/teamcity-testing-framework/build/reports/tests/1742997381679.1.html\nTimeout: 4 s.\nCaused by: NoSuchElementException: no such element: Unable to locate element: {\"method\":\"css selector\",\"selector\":\"#url\"}","children":[{"name":"User should be able to create project","uid":"7583a4d503781503","parentUid":"663561dae4bc8d3a3b3be10048ea720b","status":"failed","time":{"start":1742997358010,"stop":1742997382245,"duration":24235},"flaky":false,"newFailed":false,"newPassed":false,"newBroken":false,"retriesCount":0,"retriesStatusChange":false,"parameters":[],"tags":[]}],"uid":"663561dae4bc8d3a3b3be10048ea720b"},{"name":"1 expectation failed.\nExpected status code <200> but was <404>.\n","children":[{"name":"User should be able to create build","uid":"321bf95e95b573a8","parentUid":"49e8c4ba724989b1644f4c577d398c8b","status":"failed","time":{"start":1742997382446,"stop":1742997397879,"duration":15433},"flaky":false,"newFailed":false,"newPassed":false,"newBroken":false,"retriesCount":0,"retriesStatusChange":false,"parameters":[],"tags":[]}],"uid":"49e8c4ba724989b1644f4c577d398c8b"},{"name":"Element not found {input[data-test='runner-item-filter']}\nExpected: editable\nScreenshot: file:/home/runner/work/teamcity-testing-framework/teamcity-testing-framework/build/reports/tests/1742997406900.2.png\nPage source: file:/home/runner/work/teamcity-testing-framework/teamcity-testing-framework/build/reports/tests/1742997406900.2.html\nTimeout: 4 s.\nCaused by: NoSuchElementException: no such element: Unable to locate element: {\"method\":\"css selector\",\"selector\":\"input[data-test='runner-item-filter']\"}","children":[{"name":"User should be able to create build step","uid":"7084c6eca411a998","parentUid":"a8e4b6f04bf57432c8c70bc91e67a58b","status":"failed","time":{"start":1742997398302,"stop":1742997407277,"duration":8975},"flaky":false,"newFailed":false,"newPassed":false,"newBroken":false,"retriesCount":0,"retriesStatusChange":false,"parameters":[],"tags":[]}],"uid":"a8e4b6f04bf57432c8c70bc91e67a58b"},{"name":"Element not found {input[data-test='runner-item-filter']}\nExpected: editable\nScreenshot: file:/home/runner/work/teamcity-testing-framework/teamcity-testing-framework/build/reports/tests/1742997421932.3.png\nPage source: file:/home/runner/work/teamcity-testing-framework/teamcity-testing-framework/build/reports/tests/1742997421932.3.html\nTimeout: 4 s.\nCaused by: NoSuchElementException: no such element: Unable to locate element: {\"method\":\"css selector\",\"selector\":\"input[data-test='runner-item-filter']\"}","children":[{"name":"User should be able to run build with step","uid":"99f36cee59752d25","parentUid":"4ce363797975705b8523d7cfc50883a4","status":"failed","time":{"start":1742997414010,"stop":1742997422252,"duration":8242},"flaky":false,"newFailed":false,"newPassed":false,"newBroken":false,"retriesCount":0,"retriesStatusChange":false,"parameters":[],"tags":[]}],"uid":"4ce363797975705b8523d7cfc50883a4"}],"uid":"8fb3a91ba5aaf9de24cc8a92edc82b5d"}],"name":"categories"}