{"uid":"4b4757e66a1912dae1a509f688f20b0f","children":[{"name":"Test defects","children":[{"name":"Failed to create new instance of class com.example.teamcity.ui.pages.ProjectsPage","children":[{"name":"User should be able search for project","uid":"e0c878c49db637c7","parentUid":"27c02a6e0223180d2b96380618b7e509","status":"broken","time":{"start":1743070366570,"stop":1743070415058,"duration":48488},"flaky":false,"newFailed":false,"newPassed":false,"newBroken":true,"retriesCount":0,"retriesStatusChange":false,"parameters":[],"tags":[]}],"uid":"27c02a6e0223180d2b96380618b7e509"}],"uid":"bdbf199525818fae7a8651db9eafe741"},{"name":"Product defects","children":[{"name":"Element not found {#url}\nExpected: editable\nScreenshot: file:/home/runner/work/teamcity-testing-framework/teamcity-testing-framework/build/reports/tests/1743070423946.1.png\nPage source: file:/home/runner/work/teamcity-testing-framework/teamcity-testing-framework/build/reports/tests/1743070423946.1.html\nTimeout: 4 s.\nCaused by: NoSuchElementException: no such element: Unable to locate element: {\"method\":\"css selector\",\"selector\":\"#url\"}","children":[{"name":"User should be able to create project","uid":"f391a4f344844ed9","parentUid":"c29bece29e4696413c41850339758ed3","status":"failed","time":{"start":1743070415637,"stop":1743070424345,"duration":8708},"flaky":false,"newFailed":false,"newPassed":false,"newBroken":false,"retriesCount":0,"retriesStatusChange":false,"parameters":[],"tags":[]}],"uid":"c29bece29e4696413c41850339758ed3"},{"name":"1 expectation failed.\nExpected status code <200> but was <404>.\n","children":[{"name":"User should be able to create build","uid":"1d689dd591fd0577","parentUid":"49e8c4ba724989b1644f4c577d398c8b","status":"failed","time":{"start":1743070424560,"stop":1743070457411,"duration":32851},"flaky":false,"newFailed":false,"newPassed":false,"newBroken":false,"retriesCount":0,"retriesStatusChange":false,"parameters":[],"tags":[]}],"uid":"49e8c4ba724989b1644f4c577d398c8b"},{"name":"Element not found {input[data-test='runner-item-filter']}\nExpected: editable\nScreenshot: file:/home/runner/work/teamcity-testing-framework/teamcity-testing-framework/build/reports/tests/1743070466953.2.png\nPage source: file:/home/runner/work/teamcity-testing-framework/teamcity-testing-framework/build/reports/tests/1743070466953.2.html\nTimeout: 4 s.\nCaused by: NoSuchElementException: no such element: Unable to locate element: {\"method\":\"css selector\",\"selector\":\"input[data-test='runner-item-filter']\"}","children":[{"name":"User should be able to create build step","uid":"638f1fb5ade3006","parentUid":"aa98b81261dfbf1fbc5482de083f7b37","status":"failed","time":{"start":1743070457874,"stop":1743070467340,"duration":9466},"flaky":false,"newFailed":false,"newPassed":false,"newBroken":false,"retriesCount":0,"retriesStatusChange":false,"parameters":[],"tags":[]}],"uid":"aa98b81261dfbf1fbc5482de083f7b37"},{"name":"Element not found {input[data-test='runner-item-filter']}\nExpected: editable\nScreenshot: file:/home/runner/work/teamcity-testing-framework/teamcity-testing-framework/build/reports/tests/1743070482355.3.png\nPage source: file:/home/runner/work/teamcity-testing-framework/teamcity-testing-framework/build/reports/tests/1743070482355.3.html\nTimeout: 4 s.\nCaused by: NoSuchElementException: no such element: Unable to locate element: {\"method\":\"css selector\",\"selector\":\"input[data-test='runner-item-filter']\"}","children":[{"name":"User should be able to run build with step","uid":"998f6bbe8e4085e9","parentUid":"0aafa1fed3a9272c3adeba5a2f466fa7","status":"failed","time":{"start":1743070474750,"stop":1743070482647,"duration":7897},"flaky":false,"newFailed":false,"newPassed":false,"newBroken":false,"retriesCount":0,"retriesStatusChange":false,"parameters":[],"tags":[]}],"uid":"0aafa1fed3a9272c3adeba5a2f466fa7"}],"uid":"8fb3a91ba5aaf9de24cc8a92edc82b5d"}],"name":"categories"}