{"uid":"4b4757e66a1912dae1a509f688f20b0f","children":[{"name":"Test defects","children":[{"name":"Failed to create new instance of class com.example.teamcity.ui.pages.ProjectsPage","children":[{"name":"User should be able search for project","uid":"730123fc398f7723","parentUid":"27c02a6e0223180d2b96380618b7e509","status":"broken","time":{"start":1743072198543,"stop":1743072246241,"duration":47698},"flaky":false,"newFailed":false,"newPassed":false,"newBroken":false,"retriesCount":0,"retriesStatusChange":false,"parameters":[],"tags":[]}],"uid":"27c02a6e0223180d2b96380618b7e509"}],"uid":"bdbf199525818fae7a8651db9eafe741"},{"name":"Product defects","children":[{"name":"Element not found {#url}\nExpected: editable\nScreenshot: file:/home/runner/work/teamcity-testing-framework/teamcity-testing-framework/build/reports/tests/1743072268838.1.png\nPage source: file:/home/runner/work/teamcity-testing-framework/teamcity-testing-framework/build/reports/tests/1743072268838.1.html\nTimeout: 4 s.\nCaused by: NoSuchElementException: no such element: Unable to locate element: {\"method\":\"css selector\",\"selector\":\"#url\"}","children":[{"name":"User should be able to create project","uid":"d80da72f16f96100","parentUid":"942a4319ad62d770c232d2c4b209064c","status":"failed","time":{"start":1743072246762,"stop":1743072269374,"duration":22612},"flaky":false,"newFailed":false,"newPassed":false,"newBroken":false,"retriesCount":0,"retriesStatusChange":false,"parameters":[],"tags":[]}],"uid":"942a4319ad62d770c232d2c4b209064c"},{"name":"1 expectation failed.\nExpected status code <200> but was <404>.\n","children":[{"name":"User should be able to create build","uid":"1e8b9f6347e1559e","parentUid":"49e8c4ba724989b1644f4c577d398c8b","status":"failed","time":{"start":1743072269563,"stop":1743072284973,"duration":15410},"flaky":false,"newFailed":false,"newPassed":false,"newBroken":false,"retriesCount":0,"retriesStatusChange":false,"parameters":[],"tags":[]}],"uid":"49e8c4ba724989b1644f4c577d398c8b"},{"name":"Element not found {input[data-test='runner-item-filter']}\nExpected: editable\nScreenshot: file:/home/runner/work/teamcity-testing-framework/teamcity-testing-framework/build/reports/tests/1743072294215.2.png\nPage source: file:/home/runner/work/teamcity-testing-framework/teamcity-testing-framework/build/reports/tests/1743072294215.2.html\nTimeout: 4 s.\nCaused by: NoSuchElementException: no such element: Unable to locate element: {\"method\":\"css selector\",\"selector\":\"input[data-test='runner-item-filter']\"}","children":[{"name":"User should be able to create build step","uid":"c39de3c93a3b9e55","parentUid":"a0de1059227ac6e4aace571cf62518b1","status":"failed","time":{"start":1743072285888,"stop":1743072294614,"duration":8726},"flaky":false,"newFailed":false,"newPassed":false,"newBroken":false,"retriesCount":0,"retriesStatusChange":false,"parameters":[],"tags":[]}],"uid":"a0de1059227ac6e4aace571cf62518b1"},{"name":"Element not found {input[data-test='runner-item-filter']}\nExpected: editable\nScreenshot: file:/home/runner/work/teamcity-testing-framework/teamcity-testing-framework/build/reports/tests/1743072309040.3.png\nPage source: file:/home/runner/work/teamcity-testing-framework/teamcity-testing-framework/build/reports/tests/1743072309040.3.html\nTimeout: 4 s.\nCaused by: NoSuchElementException: no such element: Unable to locate element: {\"method\":\"css selector\",\"selector\":\"input[data-test='runner-item-filter']\"}","children":[{"name":"User should be able to run build with step","uid":"61f1ebc51e1cf6ce","parentUid":"5c45b386e1a0aa25e842b59e97493631","status":"failed","time":{"start":1743072301215,"stop":1743072309375,"duration":8160},"flaky":false,"newFailed":false,"newPassed":false,"newBroken":false,"retriesCount":0,"retriesStatusChange":false,"parameters":[],"tags":[]}],"uid":"5c45b386e1a0aa25e842b59e97493631"}],"uid":"8fb3a91ba5aaf9de24cc8a92edc82b5d"}],"name":"categories"}