{"uid":"4b4757e66a1912dae1a509f688f20b0f","children":[{"name":"Test defects","children":[{"name":"Failed to create new instance of class com.example.teamcity.ui.pages.ProjectsPage","children":[{"name":"User should be able search for project","uid":"dee45c9d6a611786","parentUid":"27c02a6e0223180d2b96380618b7e509","status":"broken","time":{"start":1743085512168,"stop":1743085560964,"duration":48796},"flaky":false,"newFailed":false,"newPassed":false,"newBroken":false,"retriesCount":0,"retriesStatusChange":false,"parameters":[],"tags":[]}],"uid":"27c02a6e0223180d2b96380618b7e509"}],"uid":"bdbf199525818fae7a8651db9eafe741"},{"name":"Product defects","children":[{"name":"Element not found {#url}\nExpected: editable\nScreenshot: file:/home/runner/work/teamcity-testing-framework/teamcity-testing-framework/build/reports/tests/1743085583942.1.png\nPage source: file:/home/runner/work/teamcity-testing-framework/teamcity-testing-framework/build/reports/tests/1743085583942.1.html\nTimeout: 4 s.\nCaused by: NoSuchElementException: no such element: Unable to locate element: {\"method\":\"css selector\",\"selector\":\"#url\"}","children":[{"name":"User should be able to create project","uid":"e5499a5e7483bb3d","parentUid":"eb10f9e9ee66bcfa560c43f3222466ea","status":"failed","time":{"start":1743085561460,"stop":1743085584497,"duration":23037},"flaky":false,"newFailed":false,"newPassed":false,"newBroken":false,"retriesCount":0,"retriesStatusChange":false,"parameters":[],"tags":[]}],"uid":"eb10f9e9ee66bcfa560c43f3222466ea"},{"name":"1 expectation failed.\nExpected status code <200> but was <404>.\n","children":[{"name":"User should be able to create build","uid":"81f12a06f80988be","parentUid":"49e8c4ba724989b1644f4c577d398c8b","status":"failed","time":{"start":1743085584700,"stop":1743085600709,"duration":16009},"flaky":false,"newFailed":false,"newPassed":false,"newBroken":false,"retriesCount":0,"retriesStatusChange":false,"parameters":[],"tags":[]}],"uid":"49e8c4ba724989b1644f4c577d398c8b"},{"name":"Element not found {input[data-test='runner-item-filter']}\nExpected: editable\nScreenshot: file:/home/runner/work/teamcity-testing-framework/teamcity-testing-framework/build/reports/tests/1743085610840.2.png\nPage source: file:/home/runner/work/teamcity-testing-framework/teamcity-testing-framework/build/reports/tests/1743085610840.2.html\nTimeout: 4 s.\nCaused by: NoSuchElementException: no such element: Unable to locate element: {\"method\":\"css selector\",\"selector\":\"input[data-test='runner-item-filter']\"}","children":[{"name":"User should be able to create build step","uid":"4b374868b0e4c117","parentUid":"3bacbabcbfeaab580e6e6b84781e4e7d","status":"failed","time":{"start":1743085601102,"stop":1743085611280,"duration":10178},"flaky":false,"newFailed":false,"newPassed":false,"newBroken":false,"retriesCount":0,"retriesStatusChange":false,"parameters":[],"tags":[]}],"uid":"3bacbabcbfeaab580e6e6b84781e4e7d"}],"uid":"8fb3a91ba5aaf9de24cc8a92edc82b5d"}],"name":"categories"}